<?xml version="1.0" encoding="UTF-8"?>
<!-- Generated by org.testng.reporters.JUnitReportReporter -->
<testsuite hostname="DESKTOP-NDGGNQK" failures="0" tests="1" name="SeleniumL2Assignment.MySeleniumAssignment4" time="18.522" errors="0" timestamp="11 Jan 2019 14:16:14 GMT" skipped="0">
  <testcase classname="SeleniumL2Assignment.MySeleniumAssignment4" name="Addmax" time="18.522"/>
</testsuite> <!-- SeleniumL2Assignment.MySeleniumAssignment4 -->
