<?xml version="1.0" encoding="UTF-8"?>
<!-- Generated by org.testng.reporters.JUnitReportReporter -->
<testsuite hostname="DESKTOP-NDGGNQK" failures="0" tests="2" name="SeleniumL2Assignment.MySeleniumAssignment3" time="477.823" errors="0" timestamp="03 Mar 2019 07:08:14 GMT" skipped="0">
  <testcase classname="SeleniumL2Assignment.MySeleniumAssignment3" name="Addmax" time="278.576"/>
  <testcase classname="SeleniumL2Assignment.MySeleniumAssignment3" name="Addmax" time="199.247"/>
</testsuite> <!-- SeleniumL2Assignment.MySeleniumAssignment3 -->
